[debug] [2023-03-31T10:18:48.249Z] ----------------------------------------------------------------------
[debug] [2023-03-31T10:18:48.250Z] Command:       /Users/joel/.dotFiles/.asdf/installs/nodejs/18.11.0/bin/node /Users/joel/.asdf/installs/nodejs/18.11.0/bin/firebase deploy --only hosting:k33-platform-dev
[debug] [2023-03-31T10:18:48.250Z] CLI Version:   11.24.1
[debug] [2023-03-31T10:18:48.250Z] Platform:      darwin
[debug] [2023-03-31T10:18:48.250Z] Node Version:  v18.11.0
[debug] [2023-03-31T10:18:48.251Z] Time:          Fri Mar 31 2023 12:18:48 GMT+0200 (Central European Summer Time)
[debug] [2023-03-31T10:18:48.251Z] ----------------------------------------------------------------------
[debug] 
[debug] [2023-03-31T10:18:48.281Z] > command requires scopes: ["email","openid","https://www.googleapis.com/auth/cloudplatformprojects.readonly","https://www.googleapis.com/auth/firebase","https://www.googleapis.com/auth/cloud-platform"]
[debug] [2023-03-31T10:18:48.281Z] > authorizing via signed-in user (joel@k33.com)
[debug] [2023-03-31T10:18:48.281Z] [iam] checking project k33-dev for permissions ["firebase.projects.get","firebasehosting.sites.update"]
[debug] [2023-03-31T10:18:48.282Z] >>> [apiv2][query] POST https://cloudresourcemanager.googleapis.com/v1/projects/k33-dev:testIamPermissions [none]
[debug] [2023-03-31T10:18:48.282Z] >>> [apiv2][(partial)header] POST https://cloudresourcemanager.googleapis.com/v1/projects/k33-dev:testIamPermissions x-goog-quota-user=projects/k33-dev
[debug] [2023-03-31T10:18:48.282Z] >>> [apiv2][body] POST https://cloudresourcemanager.googleapis.com/v1/projects/k33-dev:testIamPermissions {"permissions":["firebase.projects.get","firebasehosting.sites.update"]}
[debug] [2023-03-31T10:18:49.057Z] <<< [apiv2][status] POST https://cloudresourcemanager.googleapis.com/v1/projects/k33-dev:testIamPermissions 200
[debug] [2023-03-31T10:18:49.058Z] <<< [apiv2][body] POST https://cloudresourcemanager.googleapis.com/v1/projects/k33-dev:testIamPermissions {"permissions":["firebase.projects.get","firebasehosting.sites.update"]}
[debug] [2023-03-31T10:18:49.059Z] >>> [apiv2][query] GET https://firebase.googleapis.com/v1beta1/projects/k33-dev [none]
[debug] [2023-03-31T10:18:49.375Z] <<< [apiv2][status] GET https://firebase.googleapis.com/v1beta1/projects/k33-dev 200
[debug] [2023-03-31T10:18:49.376Z] <<< [apiv2][body] GET https://firebase.googleapis.com/v1beta1/projects/k33-dev {"projectId":"k33-dev","projectNumber":"465715585962","displayName":"k33-dev","name":"projects/k33-dev","resources":{"hostingSite":"k33-dev","storageBucket":"k33-dev.appspot.com","locationId":"europe-west"},"state":"ACTIVE","etag":"1_9d8b3f90-4c1d-4317-a39a-65a3944baf27"}
[info] 
[info] === Deploying to 'k33-dev'...
[info] 
[info] i  deploying hosting 
[debug] [2023-03-31T10:18:49.382Z] >>> [apiv2][query] POST https://firebasehosting.googleapis.com/v1beta1/projects/-/sites/k33-platform-dev/versions [none]
[debug] [2023-03-31T10:18:49.382Z] >>> [apiv2][body] POST https://firebasehosting.googleapis.com/v1beta1/projects/-/sites/k33-platform-dev/versions {"status":"CREATED","labels":{"deployment-tool":"cli-firebase"}}
[debug] [2023-03-31T10:18:50.724Z] <<< [apiv2][status] POST https://firebasehosting.googleapis.com/v1beta1/projects/-/sites/k33-platform-dev/versions 200
[debug] [2023-03-31T10:18:50.724Z] <<< [apiv2][body] POST https://firebasehosting.googleapis.com/v1beta1/projects/-/sites/k33-platform-dev/versions {"name":"projects/465715585962/sites/k33-platform-dev/versions/8c27b143e4155d61","status":"CREATED","config":{},"labels":{"deployment-tool":"cli-firebase"}}
[info] i  hosting[k33-platform-dev]: beginning deploy... 
[info] i  hosting[k33-platform-dev]: found 75 files in ./apps/platform/out 
[debug] [2023-03-31T10:18:50.740Z] [hosting] uploading with 200 concurrency
[debug] [2023-03-31T10:18:50.747Z] [hosting] hash cache [YXBwcy9wbGF0Zm9ybS9vdXQ] stored for 75 files
[debug] [2023-03-31T10:18:50.747Z] [hosting][hash queue][FINAL] {"max":2,"min":0,"avg":0,"active":0,"complete":75,"success":75,"errored":0,"retried":0,"total":75,"elapsed":4}
[debug] [2023-03-31T10:18:50.747Z] >>> [apiv2][query] POST https://firebasehosting.googleapis.com/v1beta1/projects/465715585962/sites/k33-platform-dev/versions/8c27b143e4155d61:populateFiles [none]
[debug] [2023-03-31T10:18:50.747Z] >>> [apiv2][body] POST https://firebasehosting.googleapis.com/v1beta1/projects/465715585962/sites/k33-platform-dev/versions/8c27b143e4155d61:populateFiles {"files":{"/404.html":"da0c3b8675c5afb39c4b957b963eda488fa6462d9fdf2d617f4b2d80b87dee1a","/about.html":"e29b77b6f7834a39b0b7932eab27e68a77a628c3871328e05f9b8705cc200480","/auth.html":"fc65429b68d6ec8497fb1c6625ac7a85c00f57c58c5a84c35f9a3cf776e3e93f","/favicon-64x64.png":"9588e7d07207b93300c55443600504b3cb4744256d73b13d76c1863cf6e97f59","/index.html":"2e4ff7c633ee882c38dca8dea018fc4a45a6e14c2f4f8a47664afcb34584dec8","/privacy.html":"d7c355300ab4b89e7b556b3fd1d03001b7962bc4e2776a1df30f9c98bceb9626","/register.html":"911dc93db9be0f3238cd6448b98578cc2d64fc0b98d7253fbb63b2d10bd56d36","/robots.txt":"c70fea0a46d363375cb0ece163078757b820d608f044fc58b857e54879fc3bb7","/sitemap.xml":"9be9eee98ed6e2156277b7a4f10bcfe13fbf70683ae4cbbf60acd62cc3049c4f","/terms&conditions.html":"700930855016a0d15d41a73ff0eff3de8b59e81510b3f357f4bab313e1d46de3","/.well-known/microsoft-identity-association.json":"ecf9bd547a7492b379d5bdd196e78bc64d9622fffdb0d34898349bfdbff910cb","/_next/data/H9hH_1-136blj_ku2Uj4R/privacy.json":"72142b5ea9bf7f277eadd388731986b5cb8605c6286b5756124e02f2df492c2c","/_next/data/H9hH_1-136blj_ku2Uj4R/register.json":"b981099717b9173a2592566dd196825b054e14dd53367a3f721feddef5d2b445","/_next/data/H9hH_1-136blj_ku2Uj4R/terms&conditions.json":"8116476273e2f61375252bfa40aedfdeca3e8b72d989934932d165fad85eb6ae","/_next/static/H9hH_1-136blj_ku2Uj4R/_buildManifest.js":"d6270bb2a0a570725077e92bec32fa5820ee0c29e7b8057a65178e423b18b780","/_next/static/H9hH_1-136blj_ku2Uj4R/_ssgManifest.js":"c6c76be7a4c1aca8ff43f0db25310ba9ce6fd87eb808ad74236c87bc0d421a5e","/_next/static/chunks/359-05fc1d20a91d751f.js":"19ec784ab2e8fcb1794cb736b6fda5a42af977026d5eeeceea37c791da7adaa3","/_next/static/chunks/3624227b-22f31cb27fe1e46a.js":"7d6b80f5a9ebca0c8b964f7c1bdcefdde7db38a5150a1b8e3507e38577e926ff","/_next/static/chunks/386-5adda309b844fd08.js":"f2eb033cc878aa99d90b5ef126b98228b4f36b6bbd155cf6c27537408e2e2826","/_next/static/chunks/436-b30759ce77c26f59.js":"cd667ae661d129f284807af8a68261ee2386c25d553c227070989d9fc6799f22","/_next/static/chunks/611-1839070e0b90eea6.js":"b90964f86f503e11832109609c210266a28d02918e958ea45e24e73bd74ca8d9","/_next/static/chunks/6ff71fb1-5a793432ac1e024d.js":"ce1509919d77d82a7da4f75c10e3fc5382e5f972b7ffb8148d3799730e3dabbc","/_next/static/chunks/framework-2647c7e378e02044.js":"742df388857d69408c2ab8e7f15851038340ca52e7f4edb606bc2f6889104e91","/_next/static/chunks/main-c105856fa93ef4fc.js":"229a84e71f3610e1274c2638ac12b0ff3309fd6922a3ce331057ab6418c9415e","/_next/static/chunks/polyfills-c67a75d1b6f99dc8.js":"aba23275a3c1380bfc8d467fd921b0c209e7182dbdaa02611c3a496b0b3b34ec","/_next/static/chunks/webpack-87b3a303122f2f0d.js":"7e9b3f0f10a875f2c9ca55838201691e5a12d6f648725003c8eedcff50509299","/_next/static/chunks/pages/_app-4a80767a391d18db.js":"e7efa0e85195fbdc96bcb1491968a34c94d90283c3e73574eab2543660227f00","/_next/static/chunks/pages/_error-d92b675586535f0d.js":"c45c2dedccb2bfa226302ba17f8e41e988ad8e5ebed16850b1c8d39b690ad31e","/_next/static/chunks/pages/about-409906a34d1d4eb8.js":"d06c5a8eab32e64d0f8a47b37a6e072a44ad1ed5458cc2af76bfab032ba8be71","/_next/static/chunks/pages/auth-f8afdde5828d3aa9.js":"8b25ceea28d37c088da314a7bbab8bdae224f42d30b63ed2c0da79ddd97bc077","/_next/static/chunks/pages/index-522713664d2d463c.js":"618436da8f8e4e6f3fc5c29d226f1a9df301c76d9b6b05cd2047f86b0f090335","/_next/static/chunks/pages/privacy-131b964e5ede683f.js":"4c15fba3e64e6197c50814f05ea27249f122fc647a3ad608b0ba1d01be558d9d","/_next/static/chunks/pages/register-80cfa5a892c6defe.js":"de742f51faa1e85536b5ed9dd6c78aab6ffd817529aea73790ebe8d2f4d4006f","/_next/static/chunks/pages/terms&conditions-a0460fb27737b0d1.js":"b9eace5e81ca7be5c4e7717f83376e2e99c7991163b0bc1f1a6ecde7402a32ae","/_next/static/chunks/pages/investments/products/kvq-9bebb526d140da3f.js":"44b38e541e64d24e677e80a8df97d862fce6a6275336b8bb4df89a68daca44b5","/_next/static/css/d41f63ac91455c66.css":"bf2e42859848e03f20270b7e74f698ce88856969e1a62780d73cf21c1dd2041c","/_next/static/media/10939feefdad71be.woff2":"a173787cfd32679dd2caa8cf841d8dc566ea901630e858a061479c22c41a05cc","/_next/static/media/370d1cc320ec5619.woff2":"ed8961dff86fd8d86775f8c70a64cd6863462bfb82f35e32f4df7280cf020260","/_next/static/media/3828f203592f7603.woff2":"a4c80ebb565e5ee7186d1b4d6f6fede7ec3dc89f04232d98a26c7ff03db97fbf","/_next/static/media/591327bf3b62a611.woff2":"945e04767753c910a548dca3cd5165d6d9f8d1b44c4b9a6272733f8d2cb39ddd","/_next/static/media/7777133e901cd5ed.p.woff2":"280a7c84c8255bd2b05d783b9f2d27c684f53df3deac7eb55ffc5e4d1081d258","/_next/static/media/839135d04a097cea.woff2":"1447545273659e1e63eec0bbece4551e9aa16915b5968a7912262782485e7aa5","/_next/static/media/87c72f23c47212b9.woff2":"4465482736e17e6675355fc30d5d84110eb5f37ec2470f8c05a8e79f0115e325","/_next/static/media/916d3686010a8de2.p.woff2":"3bf0222e823f7658ca78d05a204c5a021659b9a5afa16978b326c5b3608f228b","/_next/static/media/953974ac5e9ff354.woff2":"0b8bac9ad214d46a3db3e61b1a369be9cdcd376e532a5daac01fb528b798997d","/_next/static/media/Anders.d093b0e2.png":"443c63def14164eeadaad7a611fac313dce799ce6bc9decc0a78ece80cc85c9e","/_next/static/media/Torbjorn.d45950ac.png":"76550452e0fe60a21835d14b00e950e2cb8209225894616732c0c95e80ced1c3","/_next/static/media/about-left-bg.21efb7c8.png":"71ccb62cec964f32a14ff5be4b8a168602cce72323f2bb1f3d1aeb73ca809973","/_next/static/media/about-mobile.a9995c18.png":"659f16f3034359c83b139a9b4fc3d2c8e1f99e8ec5ad75cfbc1d42fc0d77c60c","/_next/static/media/about-right-bg.a12e76cc.png":"7ce2ca6f2b58333cad754f7262515b9c4efbca3f28fdcc024b203a55566beacd","/_next/static/media/about.2643d13a.png":"feab54fc7d68178def64e24292dfd87cce77fc36dfade373569654188c412a40","/_next/static/media/advice_offer.af553fbb.svg":"d1c4738ef83bce5e95f4254834f343096cd0e0415a3294b4a3f3e3f48b742eb6","/_next/static/media/bloomberg.b6c1592d.png":"d38f93420128efd277df3f0d36193ff351832405fc52421454c71a70f67d0a33","/_next/static/media/c04551857776278f.p.woff2":"bf639b24d954eb2295bfb6d18a4ff035de396a8268550a634668611e4700a5dd","/_next/static/media/cnn.04818d39.png":"84940875d99edbfce3d663bbc5adbdb29ed9dc4c26226343fc47d05b11397d4c","/_next/static/media/d869208648ca5469.p.woff2":"ffd14471bf4b73d2f70eaf910fcea4fabc93bbffc57b731bd8c696bfb48c8c68","/_next/static/media/e025c64520263018.woff2":"69433c1ff4f7369c0612253e956a55707d2eb0c456501caa1522bc0f33f1a43c","/_next/static/media/forbes.fed2c1ec.png":"00b501ceaf4448400b2dcfaf20acfcaff13f0d848d786fabc72b26befe9f021d","/_next/static/media/ft.07960e03.png":"661f0689094e641a8ba15cf0493e822d3d1216b99652527e55f945396f2e7966","/_next/static/media/hero.66516b52.png":"78ea8e14765a3cc11cf624444144b49dac8622f6806af0cc816f74282bdee2ce","/_next/static/media/invest.28a5df1c.svg":"e66d08ee7e1ec7fe1721f09e6b2201d0bec7090e64a6317b643db737eba7eb11","/_next/static/media/investments-logo.b3bb0c32.png":"754869a867cb42a8dad149bdae79fa44f64875c8d2b369ab66c6157f6bdad3ca","/_next/static/media/k33-vinter-quality-index-selection.d5856ecf.svg":"875adfa4aad10a11a517a078e0f4b4d5b28c16bab5981a9a39f6ebc6d466a8fd","/_next/static/media/kvq-left-bg.5315778c.png":"8a873dc3f8dd57f2753c77eadf4a498d56624d4d6d2260456d771316f98f2cec","/_next/static/media/kvq-right-bg.dcd718fb.png":"1d3d5cac22e48b858889e75bb9003dd4212bf01773ff498ef462374b8b23828a","/_next/static/media/logo.f7a2793f.svg":"bb10de2486d267b5fc72dc7646997c35ea887e890958fe165912a8cd64a5a9d1","/_next/static/media/market.0d41073e.svg":"ff3d3903afcd188c0c6c078147cfc8d7dcdc851f2147fecb8075560ac38895a4","/_next/static/media/markets_offer.29685ee0.svg":"931f29bb334b0dae61c3b3eeb5f0eb996d3091aaa345705db1d48e5cb46b8ffc","/_next/static/media/promotion1.feb73743.png":"089e839d074d9352a24b51f0a658da87cdd5c8f0c76efdc0f0ffeaf720f9f1c7","/_next/static/media/promotion2.5269d15d.png":"a8cf9ce44898f63a1cb0462f697a51441f170d9f1402e4ae03f794cda231ee5c","/_next/static/media/promotion3.6c946c4e.png":"8cfc8f87bbb94be272dc11d77b1847852713ef65688b6dd8cbaefcfc3a551ff4","/_next/static/media/research.ee89e3ac.svg":"3629e39280af4465ed547ef0745da84f2edf4f0cd2b85ea7d1c9a762059f0f73","/_next/static/media/research_offer.b30cdf11.svg":"4c60dbb5d6edf56aa101cb78c95f717521a2c65127cf69a7550b549e42981d5f","/_next/static/media/reuters.1b3fc68b.png":"f3a3933424ba3f72dc6e26fd96a542a3764b4877a91b061a5e398ecfbc71e296","/investments/products/kvq.html":"1580fcd68cf51431dfb7766957253c20d2ff96fa2b7a281f0e4cd2f4bda113be"}}
[debug] [2023-03-31T10:18:51.950Z] <<< [apiv2][status] POST https://firebasehosting.googleapis.com/v1beta1/projects/465715585962/sites/k33-platform-dev/versions/8c27b143e4155d61:populateFiles 200
[debug] [2023-03-31T10:18:51.950Z] <<< [apiv2][body] POST https://firebasehosting.googleapis.com/v1beta1/projects/465715585962/sites/k33-platform-dev/versions/8c27b143e4155d61:populateFiles {"uploadUrl":"https://upload-firebasehosting.googleapis.com/upload/sites/k33-platform-dev/versions/8c27b143e4155d61/files"}
[debug] [2023-03-31T10:18:51.950Z] [hosting][populate queue][FINAL] {"max":1205,"min":1205,"avg":1205,"active":0,"complete":1,"success":1,"errored":0,"retried":0,"total":1,"elapsed":1205}
[debug] [2023-03-31T10:18:51.951Z] [hosting] uploads queued: 0
[debug] [2023-03-31T10:18:51.951Z] [hosting][upload queue][FINAL] {"max":0,"min":9999999999,"avg":0,"active":0,"complete":0,"success":0,"errored":0,"retried":0,"total":0,"elapsed":1680257931951}
[info] ✔  hosting[k33-platform-dev]: file upload complete 
[debug] [2023-03-31T10:18:51.952Z] [hosting] deploy completed after 1226ms
[debug] [2023-03-31T10:18:51.955Z] [
  {
    "config": {
      "target": "k33-platform-dev",
      "cleanUrls": true,
      "public": "./apps/platform/out",
      "ignore": [
        "firebase.json",
        "**/.*",
        "**/node_modules/**"
      ],
      "site": "k33-platform-dev"
    },
    "version": "projects/465715585962/sites/k33-platform-dev/versions/8c27b143e4155d61"
  }
]
[info] i  hosting[k33-platform-dev]: finalizing version... 
[debug] [2023-03-31T10:18:51.957Z] >>> [apiv2][query] PATCH https://firebasehosting.googleapis.com/v1beta1/projects/-/sites/k33-platform-dev/versions/8c27b143e4155d61 updateMask=status%2Cconfig
[debug] [2023-03-31T10:18:51.957Z] >>> [apiv2][body] PATCH https://firebasehosting.googleapis.com/v1beta1/projects/-/sites/k33-platform-dev/versions/8c27b143e4155d61 {"status":"FINALIZED","config":{"cleanUrls":true}}
